<?xml version="1.0" encoding="UTF-8"?>
<!-- Generated by org.testng.reporters.JUnitXMLReporter -->
<testsuite ignored="0" hostname="Chaitra" failures="0" tests="5" name="Default test" time="26.577" errors="0" timestamp="2024-02-21T09:48:30 PST">
  <testcase classname="com.salesforce.automationtests.SFDCLoginAutomationScripts" name="case1" time="1.968"/>
  <testcase classname="com.salesforce.automationtests.SFDCLoginAutomationScripts" name="case3" time="6.056"/>
  <testcase classname="com.salesforce.automationtests.SFDCLoginAutomationScripts" name="case4" time="1.443"/>
  <testcase classname="com.salesforce.automationtests.SFDCLoginAutomationScripts" name="case4B" time="0.221"/>
  <testcase classname="com.salesforce.automationtests.SFDCLoginAutomationScripts" name="succesLogin" time="5.604"/>
</testsuite> <!-- Default test -->
