<?xml version="1.0" encoding="UTF-8"?>
<!-- Generated by org.testng.reporters.JUnitXMLReporter -->
<testsuite ignored="0" hostname="Chaitra" failures="0" tests="5" name="Test" time="18.764" errors="0" timestamp="2024-02-19T17:45:43 PST">
  <testcase classname="com.salesforce.automationtests.SFDCLoginAutomationScripts" name="case1" time="0.77"/>
  <testcase classname="com.salesforce.automationtests.SFDCLoginAutomationScripts" name="case3" time="5.011"/>
  <testcase classname="com.salesforce.automationtests.SFDCLoginAutomationScripts" name="case4" time="1.245"/>
  <testcase classname="com.salesforce.automationtests.SFDCLoginAutomationScripts" name="case4B" time="0.327"/>
  <testcase classname="com.salesforce.automationtests.SFDCLoginAutomationScripts" name="succesLogin" time="2.878"/>
</testsuite> <!-- Test -->
